Arguments: 
  D:\software\nodejs\node.exe D:\software\yarn\bin\yarn.js add app4.css

PATH: 
  D:\software\cmder\vendor\git-for-windows\mingw64\bin;D:\software\cmder\vendor\git-for-windows\usr\bin;C:\Users\xiaoxiao\bin;D:\software\cmder\vendor\git-for-windows\mingw64\bin;D:\software\cmder\vendor\git-for-windows\usr\bin;C:\Users\xiaoxiao\bin;C:\Users\xiaoxiao\bin;D:\software\cmder\bin;D:\software\cmder\vendor\bin;D:\software\cmder\vendor\git-for-windows\usr\bin;D:\software\cmder\vendor\git-for-windows\mingw64\bin;D:\software\cmder\vendor\git-for-windows\usr\local\bin;D:\software\cmder\vendor\git-for-windows\usr\bin;D:\software\cmder\vendor\git-for-windows\usr\bin;D:\software\cmder\vendor\git-for-windows\mingw64\bin;D:\software\cmder\vendor\git-for-windows\usr\bin;C:\Users\xiaoxiao\bin;D:\software\cmder\vendor\conemu-maximus5\ConEmu\Scripts;D:\software\cmder\vendor\conemu-maximus5;D:\software\cmder\vendor\conemu-maximus5\ConEmu;D:\MinGW\bin;C:\WINDOWS\system32;C:\WINDOWS;C:\WINDOWS\System32\Wbem;C:\WINDOWS\System32\WindowsPowerShell\v1.0;C:\WINDOWS\System32\OpenSSH;D:\software\cmder;C:\Users\xiaoxiao\Desktop;D:\software\nodejs;D:\software\yarn\bin;D:\software\hugo;D:\MinGW\bin;C:\Users\xiaoxiao\AppData\Local\Programs\Python\Python35\Scripts;C:\Users\xiaoxiao\AppData\Local\Programs\Python\Python35;C:\Users\xiaoxiao\AppData\Local\Microsoft\WindowsApps;D:\软件\vscode\Microsoft VS Code\bin;C:\Users\xiaoxiao\AppData\Roaming\npm;C:\Users\xiaoxiao\AppData\Local\Yarn\bin;D:\webstorm\WebStorm 2019.3\bin;D:\software\cmder;D:\software\cmder\vendor\git-for-windows\usr\bin\vendor_perl;D:\software\cmder\vendor\git-for-windows\usr\bin\core_perl

Yarn version: 
  1.17.3

Node version: 
  8.16.0

Platform: 
  win32 x64

Trace: 
  Error: https://registry.npm.taobao.org/app4.css: Not found
      at Request.params.callback [as _callback] (D:\software\yarn\lib\cli.js:65939:18)
      at Request.self.callback (D:\software\yarn\lib\cli.js:140464:22)
      at emitTwo (events.js:126:13)
      at Request.emit (events.js:214:7)
      at Request.<anonymous> (D:\software\yarn\lib\cli.js:141436:10)
      at emitOne (events.js:116:13)
      at Request.emit (events.js:211:7)
      at IncomingMessage.<anonymous> (D:\software\yarn\lib\cli.js:141358:12)
      at Object.onceWrapper (events.js:313:30)
      at emitNone (events.js:111:20)

npm manifest: 
  {
    "name": "MVC-demo-1",
    "version": "1.0.0",
    "main": "index.js",
    "license": "MIT",
    "dependencies": {
      "jquery": "^3.4.1"
    }
  }

yarn manifest: 
  No manifest

Lockfile: 
  # THIS IS AN AUTOGENERATED FILE. DO NOT EDIT THIS FILE DIRECTLY.
  # yarn lockfile v1
  
  
  jquery@^3.4.1:
    version "3.4.1"
    resolved "https://registry.npm.taobao.org/jquery/download/jquery-3.4.1.tgz#714f1f8d9dde4bdfa55764ba37ef214630d80ef2"
    integrity sha1-cU8fjZ3eS9+lV2S6N+8hRjDYDvI=
